Processing video BMVPiBugxtf
Working with /datasets/sagarj/instaSample6000/videos/BMVPiBugxtf.mp4
BMVPiBugxtf,265,38,17,32
Processing video wmst8TEsZF
Working with /datasets/sagarj/instaSample6000/videos/wmst8TEsZF.mp4
wmst8TEsZF,195,125,1,131
Processing video 9WjzC5xnVx
Working with /datasets/sagarj/instaSample6000/videos/9WjzC5xnVx.mp4
9WjzC5xnVx,157,10,0,10
Processing video jV6t14oMeP
Working with /datasets/sagarj/instaSample6000/videos/jV6t14oMeP.mp4
jV6t14oMeP,195,106,80,95
Processing video BDwXnzDgWvJ
Working with /datasets/sagarj/instaSample6000/videos/BDwXnzDgWvJ.mp4
BDwXnzDgWvJ,196,5,0,6
Processing video BJlI6ySDts1
Working with /datasets/sagarj/instaSample6000/videos/BJlI6ySDts1.mp4
BJlI6ySDts1,352,307,287,291
Processing video iznUKsRzui
Working with /datasets/sagarj/instaSample6000/videos/iznUKsRzui.mp4
iznUKsRzui,389,389,225,1015
Processing video 5GeJYLAegb
Working with /datasets/sagarj/instaSample6000/videos/5GeJYLAegb.mp4
5GeJYLAegb,195,63,33,47
Processing video BAi50GqR6Xs
Working with /datasets/sagarj/instaSample6000/videos/BAi50GqR6Xs.mp4
BAi50GqR6Xs,5,5,5,8
Processing video nfz8nGNYLE
Working with /datasets/sagarj/instaSample6000/videos/nfz8nGNYLE.mp4
nfz8nGNYLE,194,22,6,16
Processing video BM5E_Wjj6Ef
Working with /datasets/sagarj/instaSample6000/videos/BM5E_Wjj6Ef.mp4
BM5E_Wjj6Ef,185,102,85,52
Processing video BNfLYxFj7bB
Working with /datasets/sagarj/instaSample6000/videos/BNfLYxFj7bB.mp4
BNfLYxFj7bB,455,83,45,42
Processing video BBoOo5WOrv6
Working with /datasets/sagarj/instaSample6000/videos/BBoOo5WOrv6.mp4
BBoOo5WOrv6,163,163,0,300
Processing video BKZH3W6DXJR
Working with /datasets/sagarj/instaSample6000/videos/BKZH3W6DXJR.mp4
BKZH3W6DXJR,284,148,211,145
Processing video BENE82eHXBG
Working with /datasets/sagarj/instaSample6000/videos/BENE82eHXBG.mp4
BENE82eHXBG,196,150,154,40
Processing video BNUNOJ4hiW_
Working with /datasets/sagarj/instaSample6000/videos/BNUNOJ4hiW_.mp4
BNUNOJ4hiW_,297,243,0,243
Processing video 8--35-AZDV
Working with /datasets/sagarj/instaSample6000/videos/8--35-AZDV.mp4
8--35-AZDV,195,28,19,12
Processing video BIpzwwohG1N
Working with /datasets/sagarj/instaSample6000/videos/BIpzwwohG1N.mp4
BIpzwwohG1N,156,68,62,17
Processing video BNfMtpJA1ji
Working with /datasets/sagarj/instaSample6000/videos/BNfMtpJA1ji.mp4
BNfMtpJA1ji,187,74,48,39
Processing video BKMLRxrjner
Working with /datasets/sagarj/instaSample6000/videos/BKMLRxrjner.mp4
BKMLRxrjner,317,165,274,146
Processing video wmsSznEsYN
Working with /datasets/sagarj/instaSample6000/videos/wmsSznEsYN.mp4
wmsSznEsYN,194,23,9,21
Processing video 4-fVitKuMB
Working with /datasets/sagarj/instaSample6000/videos/4-fVitKuMB.mp4
4-fVitKuMB,195,151,140,102
Processing video BEsCQrSsuxP
Working with /datasets/sagarj/instaSample6000/videos/BEsCQrSsuxP.mp4
BEsCQrSsuxP,164,70,1,92
Processing video BL3eyF7AZiJ
Working with /datasets/sagarj/instaSample6000/videos/BL3eyF7AZiJ.mp4
BL3eyF7AZiJ,258,136,101,67
Processing video um18itxoG6
Working with /datasets/sagarj/instaSample6000/videos/um18itxoG6.mp4
um18itxoG6,426,210,23,367
Processing video 6II05PIdKb
Working with /datasets/sagarj/instaSample6000/videos/6II05PIdKb.mp4
6II05PIdKb,195,61,48,16
Processing video BNgVmmajWlI
Working with /datasets/sagarj/instaSample6000/videos/BNgVmmajWlI.mp4
BNgVmmajWlI,170,14,0,14
Processing video 5UVfSAja9r
Working with /datasets/sagarj/instaSample6000/videos/5UVfSAja9r.mp4
5UVfSAja9r,196,95,70,95
Processing video BIl50nqDreE
Working with /datasets/sagarj/instaSample6000/videos/BIl50nqDreE.mp4
BIl50nqDreE,195,177,160,204
Processing video BMr3cq9hisL
Working with /datasets/sagarj/instaSample6000/videos/BMr3cq9hisL.mp4
BMr3cq9hisL,195,47,14,36
Processing video BM0JXvlhjGt
Working with /datasets/sagarj/instaSample6000/videos/BM0JXvlhjGt.mp4
BM0JXvlhjGt,196,49,4,56
Processing video 55mpQzsjmN
Working with /datasets/sagarj/instaSample6000/videos/55mpQzsjmN.mp4
55mpQzsjmN,196,101,8,97
Processing video BAGBPKDJUtD
Working with /datasets/sagarj/instaSample6000/videos/BAGBPKDJUtD.mp4
BAGBPKDJUtD,211,5,0,5
Processing video BMAuZwSgRpH
Working with /datasets/sagarj/instaSample6000/videos/BMAuZwSgRpH.mp4
BMAuZwSgRpH,184,11,8,3
Processing video BISZHAYjOr3
Working with /datasets/sagarj/instaSample6000/videos/BISZHAYjOr3.mp4
BISZHAYjOr3,299,179,167,22
Processing video BBgJyvnsSWz
Working with /datasets/sagarj/instaSample6000/videos/BBgJyvnsSWz.mp4
BBgJyvnsSWz,183,183,1277,11
Processing video tk2uOIKpz2
Working with /datasets/sagarj/instaSample6000/videos/tk2uOIKpz2.mp4
tk2uOIKpz2,183,171,166,173
Processing video BJQdm9SDQXo
Working with /datasets/sagarj/instaSample6000/videos/BJQdm9SDQXo.mp4
BJQdm9SDQXo,195,75,70,12
Processing video BA0HHWkB2n7
Working with /datasets/sagarj/instaSample6000/videos/BA0HHWkB2n7.mp4
BA0HHWkB2n7,300,48,22,28
Processing video 3rqgp6m4xf
Working with /datasets/sagarj/instaSample6000/videos/3rqgp6m4xf.mp4
3rqgp6m4xf,190,100,49,81
Processing video 9A4j9gEGHh
Working with /datasets/sagarj/instaSample6000/videos/9A4j9gEGHh.mp4
9A4j9gEGHh,198,121,38,112
Processing video 4QZ8gHquL_
Working with /datasets/sagarj/instaSample6000/videos/4QZ8gHquL_.mp4
4QZ8gHquL_,154,110,99,41
Processing video BNCUJOFjpIs
Working with /datasets/sagarj/instaSample6000/videos/BNCUJOFjpIs.mp4
BNCUJOFjpIs,194,46,32,20
Processing video 5TVvKvvtls
Working with /datasets/sagarj/instaSample6000/videos/5TVvKvvtls.mp4
5TVvKvvtls,437,68,5,68
Processing video BIJP5GughOZ
Working with /datasets/sagarj/instaSample6000/videos/BIJP5GughOZ.mp4
BIJP5GughOZ,262,43,34,26
Processing video BKYpxUMjQ-h
Working with /datasets/sagarj/instaSample6000/videos/BKYpxUMjQ-h.mp4
BKYpxUMjQ-h,194,64,0,66
Processing video smsTJOwvyj
Working with /datasets/sagarj/instaSample6000/videos/smsTJOwvyj.mp4
smsTJOwvyj,425,81,1,84
Processing video BMAI0tCBvKM
Working with /datasets/sagarj/instaSample6000/videos/BMAI0tCBvKM.mp4
BMAI0tCBvKM,124,38,5,43
Processing video BCJwT0WJoHz
Working with /datasets/sagarj/instaSample6000/videos/BCJwT0WJoHz.mp4
BCJwT0WJoHz,184,37,20,37
Processing video 059H-0IVgG
Working with /datasets/sagarj/instaSample6000/videos/059H-0IVgG.mp4
059H-0IVgG,199,83,4,89
Processing video s7tAh1Qvwq
Working with /datasets/sagarj/instaSample6000/videos/s7tAh1Qvwq.mp4
s7tAh1Qvwq,123,8,4,4
Processing video BKGyEGzA7Qz
Working with /datasets/sagarj/instaSample6000/videos/BKGyEGzA7Qz.mp4
BKGyEGzA7Qz,203,197,197,44
Processing video BLROexKD2J_
Working with /datasets/sagarj/instaSample6000/videos/BLROexKD2J_.mp4
BLROexKD2J_,149,96,76,55
Processing video BMugmwrDCfQ
Working with /datasets/sagarj/instaSample6000/videos/BMugmwrDCfQ.mp4
BMugmwrDCfQ,381,55,1,54
Processing video 0ySfhbQv9q
Working with /datasets/sagarj/instaSample6000/videos/0ySfhbQv9q.mp4
0ySfhbQv9q,293,25,1,24
Processing video BMfthtJFJaB
Working with /datasets/sagarj/instaSample6000/videos/BMfthtJFJaB.mp4
BMfthtJFJaB,293,19,0,19
Processing video BNewtgGgzIz
Working with /datasets/sagarj/instaSample6000/videos/BNewtgGgzIz.mp4
BNewtgGgzIz,247,23,0,25
Processing video nTxU02P1u2
Working with /datasets/sagarj/instaSample6000/videos/nTxU02P1u2.mp4
nTxU02P1u2,393,213,117,124
Processing video e1xHbODBa4
Working with /datasets/sagarj/instaSample6000/videos/e1xHbODBa4.mp4
e1xHbODBa4,435,1,0,1
Processing video BF7uHHyod9Q
Working with /datasets/sagarj/instaSample6000/videos/BF7uHHyod9Q.mp4
BF7uHHyod9Q,182,10,0,10
Processing video BKjGu4igjOh
Working with /datasets/sagarj/instaSample6000/videos/BKjGu4igjOh.mp4
BKjGu4igjOh,201,73,0,79
Processing video BKQ75dZhB_F
Working with /datasets/sagarj/instaSample6000/videos/BKQ75dZhB_F.mp4
BKQ75dZhB_F,194,72,64,25
Processing video BCrJpGcro6v
Working with /datasets/sagarj/instaSample6000/videos/BCrJpGcro6v.mp4
BCrJpGcro6v,438,354,350,297
Processing video BNILYRgBv8s
Working with /datasets/sagarj/instaSample6000/videos/BNILYRgBv8s.mp4
BNILYRgBv8s,361,361,372,562
Processing video BE4SGNNRZoY
Working with /datasets/sagarj/instaSample6000/videos/BE4SGNNRZoY.mp4
BE4SGNNRZoY,189,153,408,550
Processing video BDa0KW7INJ5
Working with /datasets/sagarj/instaSample6000/videos/BDa0KW7INJ5.mp4
BDa0KW7INJ5,300,56,8,49
Processing video BNKuRxrhc3U
Working with /datasets/sagarj/instaSample6000/videos/BNKuRxrhc3U.mp4
BNKuRxrhc3U,199,1,0,1
Process